-------------------------------------------------------------------------------
Test set: com.example.demo.Project3ApplicationTests
-------------------------------------------------------------------------------
Tests run: 1, Failures: 0, Errors: 1, Skipped: 0, Time elapsed: 8.943 s <<< FAILURE! - in com.example.demo.Project3ApplicationTests
contextLoads  Time elapsed: 0.004 s  <<< ERROR!
java.lang.IllegalStateException: Failed to load ApplicationContext
Caused by: org.springframework.beans.factory.BeanCreationException: Error creating bean with name 'mongoTemplate' defined in class path resource [org/springframework/boot/autoconfigure/data/mongo/MongoDatabaseFactoryDependentConfiguration.class]: Bean instantiation via factory method failed; nested exception is org.springframework.beans.BeanInstantiationException: Failed to instantiate [org.springframework.data.mongodb.core.MongoTemplate]: Factory method 'mongoTemplate' threw exception; nested exception is org.springframework.dao.DuplicateKeyException: Write failed with error code 11000 and error message 'Index build failed: 24194d95-3605-45a6-85c9-33ab879d4389: Collection AssetManagementDB3.EmployeeDetails ( 97f2fc8d-8d6f-41d0-8932-cb8d937de32d ) :: caused by :: E11000 duplicate key error collection: AssetManagementDB3.EmployeeDetails index: asset.assetId dup key: { asset.assetId: null }'; nested exception is com.mongodb.DuplicateKeyException: Write failed with error code 11000 and error message 'Index build failed: 24194d95-3605-45a6-85c9-33ab879d4389: Collection AssetManagementDB3.EmployeeDetails ( 97f2fc8d-8d6f-41d0-8932-cb8d937de32d ) :: caused by :: E11000 duplicate key error collection: AssetManagementDB3.EmployeeDetails index: asset.assetId dup key: { asset.assetId: null }'
Caused by: org.springframework.beans.BeanInstantiationException: Failed to instantiate [org.springframework.data.mongodb.core.MongoTemplate]: Factory method 'mongoTemplate' threw exception; nested exception is org.springframework.dao.DuplicateKeyException: Write failed with error code 11000 and error message 'Index build failed: 24194d95-3605-45a6-85c9-33ab879d4389: Collection AssetManagementDB3.EmployeeDetails ( 97f2fc8d-8d6f-41d0-8932-cb8d937de32d ) :: caused by :: E11000 duplicate key error collection: AssetManagementDB3.EmployeeDetails index: asset.assetId dup key: { asset.assetId: null }'; nested exception is com.mongodb.DuplicateKeyException: Write failed with error code 11000 and error message 'Index build failed: 24194d95-3605-45a6-85c9-33ab879d4389: Collection AssetManagementDB3.EmployeeDetails ( 97f2fc8d-8d6f-41d0-8932-cb8d937de32d ) :: caused by :: E11000 duplicate key error collection: AssetManagementDB3.EmployeeDetails index: asset.assetId dup key: { asset.assetId: null }'
Caused by: org.springframework.dao.DuplicateKeyException: Write failed with error code 11000 and error message 'Index build failed: 24194d95-3605-45a6-85c9-33ab879d4389: Collection AssetManagementDB3.EmployeeDetails ( 97f2fc8d-8d6f-41d0-8932-cb8d937de32d ) :: caused by :: E11000 duplicate key error collection: AssetManagementDB3.EmployeeDetails index: asset.assetId dup key: { asset.assetId: null }'; nested exception is com.mongodb.DuplicateKeyException: Write failed with error code 11000 and error message 'Index build failed: 24194d95-3605-45a6-85c9-33ab879d4389: Collection AssetManagementDB3.EmployeeDetails ( 97f2fc8d-8d6f-41d0-8932-cb8d937de32d ) :: caused by :: E11000 duplicate key error collection: AssetManagementDB3.EmployeeDetails index: asset.assetId dup key: { asset.assetId: null }'
Caused by: com.mongodb.DuplicateKeyException: Write failed with error code 11000 and error message 'Index build failed: 24194d95-3605-45a6-85c9-33ab879d4389: Collection AssetManagementDB3.EmployeeDetails ( 97f2fc8d-8d6f-41d0-8932-cb8d937de32d ) :: caused by :: E11000 duplicate key error collection: AssetManagementDB3.EmployeeDetails index: asset.assetId dup key: { asset.assetId: null }'

